<?xml version="1.0" encoding="UTF-8"?>
<!-- Generated by org.testng.reporters.JUnitReportReporter -->
<testsuite hostname="DevoPriya-Desktop" failures="0" tests="3" name="SDET_27.DataProviderPracticeSetTest" time="0.020" errors="0" timestamp="2021-12-23T17:44:44 IST" skipped="0">
  <testcase classname="SDET_27.DataProviderPracticeSetTest" name="readTheDataFromDataProvider" time="0.004"/>
  <system-out/>
  <testcase classname="SDET_27.DataProviderPracticeSetTest" name="readTheDataFromDataProvider" time="0.004"/>
  <system-out/>
  <testcase classname="SDET_27.DataProviderPracticeSetTest" name="readTheDataFromDataProvider" time="0.012"/>
  <system-out/>
</testsuite> <!-- SDET_27.DataProviderPracticeSetTest -->
