<?xml version="1.0" encoding="UTF-8"?>
<!-- Generated by org.testng.reporters.JUnitReportReporter -->
<testsuite hostname="DevoPriya-Desktop" failures="0" tests="2" name="com.crm.AutoDesk.Contact.Test.CreateContactTest" time="41.221" errors="0" timestamp="2021-12-28T14:28:21 IST" skipped="0">
  <testcase classname="com.crm.AutoDesk.Contact.Test.CreateContactTest" name="createContactTest" time="17.860"/>
  <system-out>
    <![CDATA[clickOnContactImg
createNewContacts
ContactsInfo]]>
  </system-out>
  <testcase classname="com.crm.AutoDesk.Contact.Test.CreateContactTest" name="createContactTest" time="23.361"/>
  <system-out>
    <![CDATA[clickOnContactImg
createNewContacts
ContactsInfo]]>
  </system-out>
</testsuite> <!-- com.crm.AutoDesk.Contact.Test.CreateContactTest -->
